Command line:
   Jump_ROM_isim_beh.exe
     -simmode  gui
     -simrunnum  0
     -socket  9345

Thu Apr 29 00:35:55 2021


 Elaboration Time: 0.046875 sec

 Current Memory Usage: 5153.43 Meg

 Total Signals          : 15
 Total Nets             : 33
 Total Signal Drivers   : 6
 Total Blocks           : 2
 Total Primitive Blocks : 2
 Total Processes        : 8
 Total Traceable Variables  : 19
 Total Scalar Nets and Variables : 121
Total Line Count : 25

 Total Simulation Time: 0.046875 sec

 Current Memory Usage: 5153.43 Meg

Thu Apr 29 00:36:05 2021

